e:\dokumente\fh\abgaben\repos\ezg\ezg\debug\vc142.pdb
e:\dokumente\fh\abgaben\repos\ezg\ezg\debug\vc142.idb
e:\dokumente\fh\abgaben\repos\ezg\ezg\debug\worldobject.obj
e:\dokumente\fh\abgaben\repos\ezg\ezg\debug\transform.obj
e:\dokumente\fh\abgaben\repos\ezg\ezg\debug\spline.obj
e:\dokumente\fh\abgaben\repos\ezg\ezg\debug\shader.obj
e:\dokumente\fh\abgaben\repos\ezg\ezg\debug\ray.obj
e:\dokumente\fh\abgaben\repos\ezg\ezg\debug\model.obj
e:\dokumente\fh\abgaben\repos\ezg\ezg\debug\main.obj
e:\dokumente\fh\abgaben\repos\ezg\ezg\debug\kdtree.obj
e:\dokumente\fh\abgaben\repos\ezg\ezg\debug\chunk.obj
e:\dokumente\fh\abgaben\repos\ezg\ezg\debug\camera.obj
e:\dokumente\fh\abgaben\repos\ezg\ezg\debug\glad.obj
e:\dokumente\fh\abgaben\repos\ezg\ezg\debug\particlespawn.obj
e:\dokumente\fh\abgaben\repos\ezg\ezg\debug\vcpkg.applocal.log
e:\dokumente\fh\abgaben\repos\ezg\debug\ezg.exe
e:\dokumente\fh\abgaben\repos\ezg\debug\ezg.ilk
e:\dokumente\fh\abgaben\repos\ezg\debug\ezg.pdb
e:\dokumente\fh\abgaben\repos\ezg\ezg\debug\ezg.tlog\cl.command.1.tlog
e:\dokumente\fh\abgaben\repos\ezg\ezg\debug\ezg.tlog\cl.read.1.tlog
e:\dokumente\fh\abgaben\repos\ezg\ezg\debug\ezg.tlog\cl.write.1.tlog
e:\dokumente\fh\abgaben\repos\ezg\ezg\debug\ezg.tlog\ezg.write.1u.tlog
e:\dokumente\fh\abgaben\repos\ezg\ezg\debug\ezg.tlog\link.command.1.tlog
e:\dokumente\fh\abgaben\repos\ezg\ezg\debug\ezg.tlog\link.read.1.tlog
e:\dokumente\fh\abgaben\repos\ezg\ezg\debug\ezg.tlog\link.write.1.tlog
