  main.cpp
S:\Projects\C++\FH\EZG\main.cpp(305,66): warning C4305: 'argument': truncation from 'double' to 'float'
S:\Projects\C++\FH\EZG\main.cpp(306,59): warning C4305: 'argument': truncation from 'double' to 'float'
S:\Projects\C++\FH\EZG\main.cpp(307,59): warning C4305: 'argument': truncation from 'double' to 'float'
S:\Projects\C++\FH\EZG\main.cpp(308,64): warning C4305: 'argument': truncation from 'double' to 'float'
S:\Projects\C++\FH\EZG\main.cpp(309,64): warning C4305: 'argument': truncation from 'double' to 'float'
S:\Projects\C++\FH\EZG\main.cpp(310,61): warning C4305: 'argument': truncation from 'double' to 'float'
S:\Projects\C++\FH\EZG\main.cpp(311,63): warning C4305: 'argument': truncation from 'double' to 'float'
S:\Projects\C++\FH\EZG\main.cpp(312,65): warning C4305: 'argument': truncation from 'double' to 'float'
S:\Projects\C++\FH\EZG\main.cpp(313,60): warning C4305: 'argument': truncation from 'double' to 'float'
S:\Projects\C++\FH\EZG\main.cpp(314,60): warning C4305: 'argument': truncation from 'double' to 'float'
S:\Projects\C++\FH\EZG\main.cpp(315,62): warning C4305: 'argument': truncation from 'double' to 'float'
S:\Projects\C++\FH\EZG\main.cpp(316,63): warning C4305: 'argument': truncation from 'double' to 'float'
S:\Projects\C++\FH\EZG\main.cpp(317,58): warning C4305: 'argument': truncation from 'double' to 'float'
S:\Projects\C++\FH\EZG\main.cpp(318,63): warning C4305: 'argument': truncation from 'double' to 'float'
S:\Projects\C++\FH\EZG\main.cpp(319,66): warning C4305: 'argument': truncation from 'double' to 'float'
S:\Projects\C++\FH\EZG\main.cpp(320,59): warning C4305: 'argument': truncation from 'double' to 'float'
S:\Projects\C++\FH\EZG\main.cpp(321,60): warning C4305: 'argument': truncation from 'double' to 'float'
S:\Projects\C++\FH\EZG\main.cpp(322,64): warning C4305: 'argument': truncation from 'double' to 'float'
S:\Projects\C++\FH\EZG\main.cpp(323,59): warning C4305: 'argument': truncation from 'double' to 'float'
S:\Projects\C++\FH\EZG\main.cpp(324,65): warning C4305: 'argument': truncation from 'double' to 'float'
S:\Projects\C++\FH\EZG\main.cpp(325,67): warning C4305: 'argument': truncation from 'double' to 'float'
S:\Projects\C++\FH\EZG\main.cpp(409,20): warning C4018: '<': signed/unsigned mismatch
S:\Projects\C++\FH\EZG\main.cpp(423,22): warning C4244: 'initializing': conversion from 'double' to 'float', possible loss of data
S:\Projects\C++\FH\EZG\main.cpp(737,21): warning C4305: '/=': truncation from 'double' to 'float'
S:\Projects\C++\FH\EZG\main.cpp(765,17): warning C4305: '/=': truncation from 'double' to 'float'
S:\Projects\C++\FH\EZG\main.cpp(801,10): warning C4244: '=': conversion from 'double' to 'float', possible loss of data
S:\Projects\C++\FH\EZG\main.cpp(802,10): warning C4244: '=': conversion from 'double' to 'float', possible loss of data
  EZG.vcxproj -> S:\Projects\C++\FH\EZG\Debug\EZG.exe
